# JRE version: Java(TM) SE Runtime Environment (7.0_79-b15) (build 1.7.0_79-b15)
# Java VM: Java HotSpot(TM) 64-Bit Server VM (24.79-b02 mixed mode windows-amd64 compressed oops)
Heap
 PSYoungGen      total 141824K, used 39489K [0x00000007aaf00000, 0x00000007b4400000, 0x0000000800000000)
  eden space 131072K, 21% used [0x00000007aaf00000,0x00000007acb12e70,0x00000007b2f00000)
  from space 10752K, 99% used [0x00000007b2f00000,0x00000007b397d8e8,0x00000007b3980000)
  to   space 10752K, 0% used [0x00000007b3980000,0x00000007b3980000,0x00000007b4400000)
 ParOldGen       total 174080K, used 17829K [0x0000000700e00000, 0x000000070b800000, 0x00000007aaf00000)
  object space 174080K, 10% used [0x0000000700e00000,0x0000000701f697d8,0x000000070b800000)
 PSPermGen       total 21504K, used 18364K [0x00000006fbc00000, 0x00000006fd100000, 0x0000000700e00000)
  object space 21504K, 85% used [0x00000006fbc00000,0x00000006fcdef308,0x00000006fd100000)
GC Heap History (10 events):
Event: 0.942 GC heap before
{Heap before GC invocations=1 (full 0):
 PSYoungGen      total 76288K, used 65536K [0x00000007aaf00000, 0x00000007b0400000, 0x0000000800000000)
  eden space 65536K, 100% used [0x00000007aaf00000,0x00000007aef00000,0x00000007aef00000)
  from space 10752K, 0% used [0x00000007af980000,0x00000007af980000,0x00000007b0400000)
  to   space 10752K, 0% used [0x00000007aef00000,0x00000007aef00000,0x00000007af980000)
 ParOldGen       total 174080K, used 0K [0x0000000700e00000, 0x000000070b800000, 0x00000007aaf00000)
  object space 174080K, 0% used [0x0000000700e00000,0x0000000700e00000,0x000000070b800000)
 PSPermGen       total 21504K, used 11784K [0x00000006fbc00000, 0x00000006fd100000, 0x0000000700e00000)
  object space 21504K, 54% used [0x00000006fbc00000,0x00000006fc782378,0x00000006fd100000)
Event: 0.950 GC heap after
Heap after GC invocations=1 (full 0):
 PSYoungGen      total 76288K, used 10047K [0x00000007aaf00000, 0x00000007b0400000, 0x0000000800000000)
  eden space 65536K, 0% used [0x00000007aaf00000,0x00000007aaf00000,0x00000007aef00000)
  from space 10752K, 93% used [0x00000007aef00000,0x00000007af8cfff0,0x00000007af980000)
  to   space 10752K, 0% used [0x00000007af980000,0x00000007af980000,0x00000007b0400000)
 ParOldGen       total 174080K, used 8K [0x0000000700e00000, 0x000000070b800000, 0x00000007aaf00000)
  object space 174080K, 0% used [0x0000000700e00000,0x0000000700e02000,0x000000070b800000)
 PSPermGen       total 21504K, used 11784K [0x00000006fbc00000, 0x00000006fd100000, 0x0000000700e00000)
  object space 21504K, 54% used [0x00000006fbc00000,0x00000006fc782378,0x00000006fd100000)
}
Event: 1.353 GC heap before
{Heap before GC invocations=2 (full 0):
 PSYoungGen      total 76288K, used 75583K [0x00000007aaf00000, 0x00000007b0400000, 0x0000000800000000)
  eden space 65536K, 100% used [0x00000007aaf00000,0x00000007aef00000,0x00000007aef00000)
  from space 10752K, 93% used [0x00000007aef00000,0x00000007af8cfff0,0x00000007af980000)
  to   space 10752K, 0% used [0x00000007af980000,0x00000007af980000,0x00000007b0400000)
 ParOldGen       total 174080K, used 8K [0x0000000700e00000, 0x000000070b800000, 0x00000007aaf00000)
  object space 174080K, 0% used [0x0000000700e00000,0x0000000700e02000,0x000000070b800000)
 PSPermGen       total 21504K, used 12360K [0x00000006fbc00000, 0x00000006fd100000, 0x0000000700e00000)
  object space 21504K, 57% used [0x00000006fbc00000,0x00000006fc8122b8,0x00000006fd100000)
Event: 1.358 GC heap after
Heap after GC invocations=2 (full 0):
 PSYoungGen      total 76288K, used 8102K [0x00000007aaf00000, 0x00000007b4400000, 0x0000000800000000)
  eden space 65536K, 0% used [0x00000007aaf00000,0x00000007aaf00000,0x00000007aef00000)
  from space 10752K, 75% used [0x00000007af980000,0x00000007b0169940,0x00000007b0400000)
  to   space 10752K, 0% used [0x00000007aef00000,0x00000007aef00000,0x00000007af980000)
 ParOldGen       total 174080K, used 16K [0x0000000700e00000, 0x000000070b800000, 0x00000007aaf00000)
  object space 174080K, 0% used [0x0000000700e00000,0x0000000700e04000,0x000000070b800000)
 PSPermGen       total 21504K, used 12360K [0x00000006fbc00000, 0x00000006fd100000, 0x0000000700e00000)
  object space 21504K, 57% used [0x00000006fbc00000,0x00000006fc8122b8,0x00000006fd100000)
}
Event: 1.651 GC heap before
{Heap before GC invocations=3 (full 0):
 PSYoungGen      total 76288K, used 73638K [0x00000007aaf00000, 0x00000007b4400000, 0x0000000800000000)
  eden space 65536K, 100% used [0x00000007aaf00000,0x00000007aef00000,0x00000007aef00000)
  from space 10752K, 75% used [0x00000007af980000,0x00000007b0169940,0x00000007b0400000)
  to   space 10752K, 0% used [0x00000007aef00000,0x00000007aef00000,0x00000007af980000)
 ParOldGen       total 174080K, used 16K [0x0000000700e00000, 0x000000070b800000, 0x00000007aaf00000)
  object space 174080K, 0% used [0x0000000700e00000,0x0000000700e04000,0x000000070b800000)
 PSPermGen       total 21504K, used 12420K [0x00000006fbc00000, 0x00000006fd100000, 0x0000000700e00000)
  object space 21504K, 57% used [0x00000006fbc00000,0x00000006fc8212b8,0x00000006fd100000)
Event: 1.658 GC heap after
Heap after GC invocations=3 (full 0):
 PSYoungGen      total 76288K, used 10736K [0x00000007aaf00000, 0x00000007b4400000, 0x0000000800000000)
  eden space 65536K, 0% used [0x00000007aaf00000,0x00000007aaf00000,0x00000007aef00000)
  from space 10752K, 99% used [0x00000007aef00000,0x00000007af97c010,0x00000007af980000)
  to   space 10752K, 0% used [0x00000007b3980000,0x00000007b3980000,0x00000007b4400000)
 ParOldGen       total 174080K, used 48K [0x0000000700e00000, 0x000000070b800000, 0x00000007aaf00000)
  object space 174080K, 0% used [0x0000000700e00000,0x0000000700e0c000,0x000000070b800000)
 PSPermGen       total 21504K, used 12420K [0x00000006fbc00000, 0x00000006fd100000, 0x0000000700e00000)
  object space 21504K, 57% used [0x00000006fbc00000,0x00000006fc8212b8,0x00000006fd100000)
}
Event: 2.156 GC heap before
{Heap before GC invocations=4 (full 0):
 PSYoungGen      total 76288K, used 76272K [0x00000007aaf00000, 0x00000007b4400000, 0x0000000800000000)
  eden space 65536K, 100% used [0x00000007aaf00000,0x00000007aef00000,0x00000007aef00000)
  from space 10752K, 99% used [0x00000007aef00000,0x00000007af97c010,0x00000007af980000)
  to   space 10752K, 0% used [0x00000007b3980000,0x00000007b3980000,0x00000007b4400000)
 ParOldGen       total 174080K, used 48K [0x0000000700e00000, 0x000000070b800000, 0x00000007aaf00000)
  object space 174080K, 0% used [0x0000000700e00000,0x0000000700e0c000,0x000000070b800000)
 PSPermGen       total 21504K, used 13150K [0x00000006fbc00000, 0x00000006fd100000, 0x0000000700e00000)
  object space 21504K, 61% used [0x00000006fbc00000,0x00000006fc8d7b68,0x00000006fd100000)
Event: 2.163 GC heap after
Heap after GC invocations=4 (full 0):
 PSYoungGen      total 141824K, used 10736K [0x00000007aaf00000, 0x00000007b4400000, 0x0000000800000000)
  eden space 131072K, 0% used [0x00000007aaf00000,0x00000007aaf00000,0x00000007b2f00000)
  from space 10752K, 99% used [0x00000007b3980000,0x00000007b43fc180,0x00000007b4400000)
  to   space 10752K, 0% used [0x00000007b2f00000,0x00000007b2f00000,0x00000007b3980000)
 ParOldGen       total 174080K, used 3198K [0x0000000700e00000, 0x000000070b800000, 0x00000007aaf00000)
  object space 174080K, 1% used [0x0000000700e00000,0x000000070111faf8,0x000000070b800000)
 PSPermGen       total 21504K, used 13150K [0x00000006fbc00000, 0x00000006fd100000, 0x0000000700e00000)
  object space 21504K, 61% used [0x00000006fbc00000,0x00000006fc8d7b68,0x00000006fd100000)
}
Event: 4.040 GC heap before
{Heap before GC invocations=5 (full 0):
 PSYoungGen      total 141824K, used 141808K [0x00000007aaf00000, 0x00000007b4400000, 0x0000000800000000)
  eden space 131072K, 100% used [0x00000007aaf00000,0x00000007b2f00000,0x00000007b2f00000)
  from space 10752K, 99% used [0x00000007b3980000,0x00000007b43fc180,0x00000007b4400000)
  to   space 10752K, 0% used [0x00000007b2f00000,0x00000007b2f00000,0x00000007b3980000)
 ParOldGen       total 174080K, used 3198K [0x0000000700e00000, 0x000000070b800000, 0x00000007aaf00000)
  object space 174080K, 1% used [0x0000000700e00000,0x000000070111faf8,0x000000070b800000)
 PSPermGen       total 21504K, used 17280K [0x00000006fbc00000, 0x00000006fd100000, 0x0000000700e00000)
  object space 21504K, 80% used [0x00000006fbc00000,0x00000006fcce03e8,0x00000006fd100000)
Event: 4.053 GC heap after
Heap after GC invocations=5 (full 0):
 PSYoungGen      total 141824K, used 10742K [0x00000007aaf00000, 0x00000007b4400000, 0x0000000800000000)
  eden space 131072K, 0% used [0x00000007aaf00000,0x00000007aaf00000,0x00000007b2f00000)
  from space 10752K, 99% used [0x00000007b2f00000,0x00000007b397d8e8,0x00000007b3980000)
  to   space 10752K, 0% used [0x00000007b3980000,0x00000007b3980000,0x00000007b4400000)
 ParOldGen       total 174080K, used 17829K [0x0000000700e00000, 0x000000070b800000, 0x00000007aaf00000)
  object space 174080K, 10% used [0x0000000700e00000,0x0000000701f697d8,0x000000070b800000)
 PSPermGen       total 21504K, used 17280K [0x00000006fbc00000, 0x00000006fd100000, 0x0000000700e00000)
  object space 21504K, 80% used [0x00000006fbc00000,0x00000006fcce03e8,0x00000006fd100000)
}

