# JRE version: Java(TM) SE Runtime Environment (7.0_79-b15) (build 1.7.0_79-b15)
# Java VM: Java HotSpot(TM) 64-Bit Server VM (24.79-b02 mixed mode windows-amd64 compressed oops)
Heap
 PSYoungGen      total 141824K, used 70431K [0x00000007aaf00000, 0x00000007b4400000, 0x0000000800000000)
  eden space 131072K, 45% used [0x00000007aaf00000,0x00000007ae94fd28,0x00000007b2f00000)
  from space 10752K, 99% used [0x00000007b3980000,0x00000007b43f8020,0x00000007b4400000)
  to   space 10752K, 0% used [0x00000007b2f00000,0x00000007b2f00000,0x00000007b3980000)
 ParOldGen       total 174080K, used 3274K [0x0000000700e00000, 0x000000070b800000, 0x00000007aaf00000)
  object space 174080K, 1% used [0x0000000700e00000,0x0000000701132b18,0x000000070b800000)
 PSPermGen       total 21504K, used 14689K [0x00000006fbc00000, 0x00000006fd100000, 0x0000000700e00000)
  object space 21504K, 68% used [0x00000006fbc00000,0x00000006fca584d8,0x00000006fd100000)
GC Heap History (8 events):
Event: 0.914 GC heap before
{Heap before GC invocations=1 (full 0):
 PSYoungGen      total 76288K, used 65536K [0x00000007aaf00000, 0x00000007b0400000, 0x0000000800000000)
  eden space 65536K, 100% used [0x00000007aaf00000,0x00000007aef00000,0x00000007aef00000)
  from space 10752K, 0% used [0x00000007af980000,0x00000007af980000,0x00000007b0400000)
  to   space 10752K, 0% used [0x00000007aef00000,0x00000007aef00000,0x00000007af980000)
 ParOldGen       total 174080K, used 0K [0x0000000700e00000, 0x000000070b800000, 0x00000007aaf00000)
  object space 174080K, 0% used [0x0000000700e00000,0x0000000700e00000,0x000000070b800000)
 PSPermGen       total 21504K, used 11787K [0x00000006fbc00000, 0x00000006fd100000, 0x0000000700e00000)
  object space 21504K, 54% used [0x00000006fbc00000,0x00000006fc782c18,0x00000006fd100000)
Event: 0.923 GC heap after
Heap after GC invocations=1 (full 0):
 PSYoungGen      total 76288K, used 10084K [0x00000007aaf00000, 0x00000007b0400000, 0x0000000800000000)
  eden space 65536K, 0% used [0x00000007aaf00000,0x00000007aaf00000,0x00000007aef00000)
  from space 10752K, 93% used [0x00000007aef00000,0x00000007af8d9058,0x00000007af980000)
  to   space 10752K, 0% used [0x00000007af980000,0x00000007af980000,0x00000007b0400000)
 ParOldGen       total 174080K, used 8K [0x0000000700e00000, 0x000000070b800000, 0x00000007aaf00000)
  object space 174080K, 0% used [0x0000000700e00000,0x0000000700e02000,0x000000070b800000)
 PSPermGen       total 21504K, used 11787K [0x00000006fbc00000, 0x00000006fd100000, 0x0000000700e00000)
  object space 21504K, 54% used [0x00000006fbc00000,0x00000006fc782c18,0x00000006fd100000)
}
Event: 1.318 GC heap before
{Heap before GC invocations=2 (full 0):
 PSYoungGen      total 76288K, used 75620K [0x00000007aaf00000, 0x00000007b0400000, 0x0000000800000000)
  eden space 65536K, 100% used [0x00000007aaf00000,0x00000007aef00000,0x00000007aef00000)
  from space 10752K, 93% used [0x00000007aef00000,0x00000007af8d9058,0x00000007af980000)
  to   space 10752K, 0% used [0x00000007af980000,0x00000007af980000,0x00000007b0400000)
 ParOldGen       total 174080K, used 8K [0x0000000700e00000, 0x000000070b800000, 0x00000007aaf00000)
  object space 174080K, 0% used [0x0000000700e00000,0x0000000700e02000,0x000000070b800000)
 PSPermGen       total 21504K, used 12360K [0x00000006fbc00000, 0x00000006fd100000, 0x0000000700e00000)
  object space 21504K, 57% used [0x00000006fbc00000,0x00000006fc812278,0x00000006fd100000)
Event: 1.324 GC heap after
Heap after GC invocations=2 (full 0):
 PSYoungGen      total 76288K, used 8081K [0x00000007aaf00000, 0x00000007b4400000, 0x0000000800000000)
  eden space 65536K, 0% used [0x00000007aaf00000,0x00000007aaf00000,0x00000007aef00000)
  from space 10752K, 75% used [0x00000007af980000,0x00000007b0164468,0x00000007b0400000)
  to   space 10752K, 0% used [0x00000007aef00000,0x00000007aef00000,0x00000007af980000)
 ParOldGen       total 174080K, used 16K [0x0000000700e00000, 0x000000070b800000, 0x00000007aaf00000)
  object space 174080K, 0% used [0x0000000700e00000,0x0000000700e04000,0x000000070b800000)
 PSPermGen       total 21504K, used 12360K [0x00000006fbc00000, 0x00000006fd100000, 0x0000000700e00000)
  object space 21504K, 57% used [0x00000006fbc00000,0x00000006fc812278,0x00000006fd100000)
}
Event: 1.623 GC heap before
{Heap before GC invocations=3 (full 0):
 PSYoungGen      total 76288K, used 73617K [0x00000007aaf00000, 0x00000007b4400000, 0x0000000800000000)
  eden space 65536K, 100% used [0x00000007aaf00000,0x00000007aef00000,0x00000007aef00000)
  from space 10752K, 75% used [0x00000007af980000,0x00000007b0164468,0x00000007b0400000)
  to   space 10752K, 0% used [0x00000007aef00000,0x00000007aef00000,0x00000007af980000)
 ParOldGen       total 174080K, used 16K [0x0000000700e00000, 0x000000070b800000, 0x00000007aaf00000)
  object space 174080K, 0% used [0x0000000700e00000,0x0000000700e04000,0x000000070b800000)
 PSPermGen       total 21504K, used 12420K [0x00000006fbc00000, 0x00000006fd100000, 0x0000000700e00000)
  object space 21504K, 57% used [0x00000006fbc00000,0x00000006fc821118,0x00000006fd100000)
Event: 1.628 GC heap after
Heap after GC invocations=3 (full 0):
 PSYoungGen      total 76288K, used 10720K [0x00000007aaf00000, 0x00000007b4400000, 0x0000000800000000)
  eden space 65536K, 0% used [0x00000007aaf00000,0x00000007aaf00000,0x00000007aef00000)
  from space 10752K, 99% used [0x00000007aef00000,0x00000007af978170,0x00000007af980000)
  to   space 10752K, 0% used [0x00000007b3980000,0x00000007b3980000,0x00000007b4400000)
 ParOldGen       total 174080K, used 96K [0x0000000700e00000, 0x000000070b800000, 0x00000007aaf00000)
  object space 174080K, 0% used [0x0000000700e00000,0x0000000700e18000,0x000000070b800000)
 PSPermGen       total 21504K, used 12420K [0x00000006fbc00000, 0x00000006fd100000, 0x0000000700e00000)
  object space 21504K, 57% used [0x00000006fbc00000,0x00000006fc821118,0x00000006fd100000)
}
Event: 2.132 GC heap before
{Heap before GC invocations=4 (full 0):
 PSYoungGen      total 76288K, used 76256K [0x00000007aaf00000, 0x00000007b4400000, 0x0000000800000000)
  eden space 65536K, 100% used [0x00000007aaf00000,0x00000007aef00000,0x00000007aef00000)
  from space 10752K, 99% used [0x00000007aef00000,0x00000007af978170,0x00000007af980000)
  to   space 10752K, 0% used [0x00000007b3980000,0x00000007b3980000,0x00000007b4400000)
 ParOldGen       total 174080K, used 96K [0x0000000700e00000, 0x000000070b800000, 0x00000007aaf00000)
  object space 174080K, 0% used [0x0000000700e00000,0x0000000700e18000,0x000000070b800000)
 PSPermGen       total 21504K, used 13149K [0x00000006fbc00000, 0x00000006fd100000, 0x0000000700e00000)
  object space 21504K, 61% used [0x00000006fbc00000,0x00000006fc8d7680,0x00000006fd100000)
Event: 2.139 GC heap after
Heap after GC invocations=4 (full 0):
 PSYoungGen      total 141824K, used 10720K [0x00000007aaf00000, 0x00000007b4400000, 0x0000000800000000)
  eden space 131072K, 0% used [0x00000007aaf00000,0x00000007aaf00000,0x00000007b2f00000)
  from space 10752K, 99% used [0x00000007b3980000,0x00000007b43f8020,0x00000007b4400000)
  to   space 10752K, 0% used [0x00000007b2f00000,0x00000007b2f00000,0x00000007b3980000)
 ParOldGen       total 174080K, used 3274K [0x0000000700e00000, 0x000000070b800000, 0x00000007aaf00000)
  object space 174080K, 1% used [0x0000000700e00000,0x0000000701132b18,0x000000070b800000)
 PSPermGen       total 21504K, used 13149K [0x00000006fbc00000, 0x00000006fd100000, 0x0000000700e00000)
  object space 21504K, 61% used [0x00000006fbc00000,0x00000006fc8d7680,0x00000006fd100000)
}

