<?xml version="1.0" encoding="UTF-8"?>
<testsuite name="com.boehringer.ingelheim.com.DeApplicationTests" time="0.008" tests="1" errors="1" skipped="0" failures="0">
  <properties>
[...]
</properties>
  <testcase name="initializationError" classname="com.boehringer.ingelheim.com.DeApplicationTests" time="0.008">
    <error message="Unable to find a @SpringBootConfiguration, you need to use @ContextConfiguration or @SpringBootTest(classes=...) with your test" type="java.lang.IllegalStateException"><![CDATA[java.lang.IllegalStateException: Unable to find a @SpringBootConfiguration, you need to use @ContextConfiguration or @SpringBootTest(classes=...) with your test
	at org.springframework.util.Assert.state(Assert.java:392)
	at org.springframework.boot.test.context.SpringBootTestContextBootstrapper.getOrFindConfigurationClasses(SpringBootTestContextBootstrapper.java:173)
	at org.springframework.boot.test.context.SpringBootTestContextBootstrapper.processMergedContextConfiguration(SpringBootTestContextBootstrapper.java:133)
	at org.springframework.test.context.support.AbstractTestContextBootstrapper.buildMergedContextConfiguration(AbstractTestContextBootstrapper.java:409)
	at org.springframework.test.context.support.AbstractTestContextBootstrapper.buildDefaultMergedContextConfiguration(AbstractTestContextBootstrapper.java:323)
	at org.springframework.test.context.support.AbstractTestContextBootstrapper.buildMergedContextConfiguration(AbstractTestContextBootstrapper.java:277)
	at org.springframework.test.context.support.AbstractTestContextBootstrapper.buildTestContext(AbstractTestContextBootstrapper.java:112)
	at org.springframework.boot.test.context.SpringBootTestContextBootstrapper.buildTestContext(SpringBootTestContextBootstrapper.java:78)
	at org.springframework.test.context.TestContextManager.<init>(TestContextManager.java:120)
	at org.springframework.test.context.TestContextManager.<init>(TestContextManager.java:105)
	at org.springframework.test.context.junit4.SpringJUnit4ClassRunner.createTestContextManager(SpringJUnit4ClassRunner.java:152)
	at org.springframework.test.context.junit4.SpringJUnit4ClassRunner.<init>(SpringJUnit4ClassRunner.java:143)
	at org.springframework.test.context.junit4.SpringRunner.<init>(SpringRunner.java:49)
	at sun.reflect.NativeConstructorAccessorImpl.newInstance0(Native Method)
	at sun.reflect.NativeConstructorAccessorImpl.newInstance(NativeConstructorAccessorImpl.java:57)
	at sun.reflect.DelegatingConstructorAccessorImpl.newInstance(DelegatingConstructorAccessorImpl.java:45)
	at java.lang.reflect.Constructor.newInstance(Constructor.java:526)
	at org.junit.internal.builders.AnnotatedBuilder.buildRunner(AnnotatedBuilder.java:104)
	at org.junit.internal.builders.AnnotatedBuilder.runnerForClass(AnnotatedBuilder.java:86)
	at org.junit.runners.model.RunnerBuilder.safeRunnerForClass(RunnerBuilder.java:59)
	at org.junit.internal.builders.AllDefaultPossibilitiesBuilder.runnerForClass(AllDefaultPossibilitiesBuilder.java:26)
	at org.junit.runners.model.RunnerBuilder.safeRunnerForClass(RunnerBuilder.java:59)
	at org.junit.internal.requests.ClassRequest.getRunner(ClassRequest.java:33)
	at org.apache.maven.surefire.junit4.JUnit4Provider.execute(JUnit4Provider.java:283)
	at org.apache.maven.surefire.junit4.JUnit4Provider.executeWithRerun(JUnit4Provider.java:173)
	at org.apache.maven.surefire.junit4.JUnit4Provider.executeTestSet(JUnit4Provider.java:153)
	at org.apache.maven.surefire.junit4.JUnit4Provider.invoke(JUnit4Provider.java:128)
	at org.apache.maven.surefire.booter.ForkedBooter.invokeProviderInSameClassLoader(ForkedBooter.java:203)
	at org.apache.maven.surefire.booter.ForkedBooter.runSuitesInProcess(ForkedBooter.java:155)
	at org.apache.maven.surefire.booter.ForkedBooter.main(ForkedBooter.java:103)
]]></error>
    <system-out><![CDATA[00:56:46.039 [main] DEBUG org.springframework.test.context.junit4.SpringJUnit4ClassRunner - SpringJUnit4ClassRunner constructor called with [class com.boehringer.ingelheim.com.DeApplicationTests]
00:56:46.047 [main] DEBUG org.springframework.test.context.BootstrapUtils - Instantiating CacheAwareContextLoaderDelegate from class [org.springframework.test.context.cache.DefaultCacheAwareContextLoaderDelegate]
00:56:46.056 [main] DEBUG org.springframework.test.context.BootstrapUtils - Instantiating BootstrapContext using constructor [public org.springframework.test.context.support.DefaultBootstrapContext(java.lang.Class,org.springframework.test.context.CacheAwareContextLoaderDelegate)]
00:56:46.073 [main] DEBUG org.springframework.test.context.BootstrapUtils - Instantiating TestContextBootstrapper for test class [com.boehringer.ingelheim.com.DeApplicationTests] from class [org.springframework.boot.test.context.SpringBootTestContextBootstrapper]
00:56:46.090 [main] INFO org.springframework.boot.test.context.SpringBootTestContextBootstrapper - Neither @ContextConfiguration nor @ContextHierarchy found for test class [com.boehringer.ingelheim.com.DeApplicationTests], using SpringBootContextLoader
00:56:46.098 [main] DEBUG org.springframework.test.context.support.AbstractContextLoader - Did not detect default resource location for test class [com.boehringer.ingelheim.com.DeApplicationTests]: class path resource [com/boehringer/ingelheim/com/DeApplicationTests-context.xml] does not exist
00:56:46.099 [main] DEBUG org.springframework.test.context.support.AbstractContextLoader - Did not detect default resource location for test class [com.boehringer.ingelheim.com.DeApplicationTests]: class path resource [com/boehringer/ingelheim/com/DeApplicationTestsContext.groovy] does not exist
00:56:46.099 [main] INFO org.springframework.test.context.support.AbstractContextLoader - Could not detect default resource locations for test class [com.boehringer.ingelheim.com.DeApplicationTests]: no resource found for suffixes {-context.xml, Context.groovy}.
00:56:46.100 [main] INFO org.springframework.test.context.support.AnnotationConfigContextLoaderUtils - Could not detect default configuration classes for test class [com.boehringer.ingelheim.com.DeApplicationTests]: DeApplicationTests does not declare any static, non-private, non-final, nested classes annotated with @Configuration.
00:56:46.150 [main] DEBUG org.springframework.test.context.support.ActiveProfilesUtils - Could not find an 'annotation declaring class' for annotation type [org.springframework.test.context.ActiveProfiles] and class [com.boehringer.ingelheim.com.DeApplicationTests]
00:56:46.163 [main] DEBUG org.springframework.core.env.StandardEnvironment - Adding [systemProperties] PropertySource with lowest search precedence
00:56:46.165 [main] DEBUG org.springframework.core.env.StandardEnvironment - Adding [systemEnvironment] PropertySource with lowest search precedence
00:56:46.166 [main] DEBUG org.springframework.core.env.StandardEnvironment - Initialized StandardEnvironment with PropertySources [systemProperties,systemEnvironment]
00:56:46.177 [main] DEBUG org.springframework.core.io.support.PathMatchingResourcePatternResolver - Resolved classpath location [com/boehringer/ingelheim/com/] to resources [URL [file:/D:/Trabajo/de/target/test-classes/com/boehringer/ingelheim/com/], URL [file:/D:/Trabajo/de/target/classes/com/boehringer/ingelheim/com/]]
00:56:46.178 [main] DEBUG org.springframework.core.io.support.PathMatchingResourcePatternResolver - Looking for matching resources in directory tree [D:\Trabajo\de\target\test-classes\com\boehringer\ingelheim\com]
00:56:46.178 [main] DEBUG org.springframework.core.io.support.PathMatchingResourcePatternResolver - Searching directory [D:\Trabajo\de\target\test-classes\com\boehringer\ingelheim\com] for files matching pattern [D:/Trabajo/de/target/test-classes/com/boehringer/ingelheim/com/*.class]
00:56:46.185 [main] DEBUG org.springframework.core.io.support.PathMatchingResourcePatternResolver - Looking for matching resources in directory tree [D:\Trabajo\de\target\classes\com\boehringer\ingelheim\com]
00:56:46.186 [main] DEBUG org.springframework.core.io.support.PathMatchingResourcePatternResolver - Searching directory [D:\Trabajo\de\target\classes\com\boehringer\ingelheim\com] for files matching pattern [D:/Trabajo/de/target/classes/com/boehringer/ingelheim/com/*.class]
00:56:46.188 [main] DEBUG org.springframework.core.io.support.PathMatchingResourcePatternResolver - Resolved location pattern [classpath*:com/boehringer/ingelheim/com/*.class] to resources [file [D:\Trabajo\de\target\test-classes\com\boehringer\ingelheim\com\DeApplicationTests.class], file [D:\Trabajo\de\target\test-classes\com\boehringer\ingelheim\com\VeterinaryTest.class], file [D:\Trabajo\de\target\classes\com\boehringer\ingelheim\com\DeApplication$WebConfig.class], file [D:\Trabajo\de\target\classes\com\boehringer\ingelheim\com\DeApplication.class]]
00:56:46.227 [main] DEBUG org.springframework.core.io.support.PathMatchingResourcePatternResolver - Resolved classpath location [com/boehringer/ingelheim/] to resources [URL [file:/D:/Trabajo/de/target/test-classes/com/boehringer/ingelheim/], URL [file:/D:/Trabajo/de/target/classes/com/boehringer/ingelheim/]]
00:56:46.227 [main] DEBUG org.springframework.core.io.support.PathMatchingResourcePatternResolver - Looking for matching resources in directory tree [D:\Trabajo\de\target\test-classes\com\boehringer\ingelheim]
00:56:46.227 [main] DEBUG org.springframework.core.io.support.PathMatchingResourcePatternResolver - Searching directory [D:\Trabajo\de\target\test-classes\com\boehringer\ingelheim] for files matching pattern [D:/Trabajo/de/target/test-classes/com/boehringer/ingelheim/*.class]
00:56:46.228 [main] DEBUG org.springframework.core.io.support.PathMatchingResourcePatternResolver - Looking for matching resources in directory tree [D:\Trabajo\de\target\classes\com\boehringer\ingelheim]
00:56:46.229 [main] DEBUG org.springframework.core.io.support.PathMatchingResourcePatternResolver - Searching directory [D:\Trabajo\de\target\classes\com\boehringer\ingelheim] for files matching pattern [D:/Trabajo/de/target/classes/com/boehringer/ingelheim/*.class]
00:56:46.229 [main] DEBUG org.springframework.core.io.support.PathMatchingResourcePatternResolver - Resolved location pattern [classpath*:com/boehringer/ingelheim/*.class] to resources []
00:56:46.230 [main] DEBUG org.springframework.core.io.support.PathMatchingResourcePatternResolver - Resolved classpath location [com/boehringer/] to resources [URL [file:/D:/Trabajo/de/target/test-classes/com/boehringer/], URL [file:/D:/Trabajo/de/target/classes/com/boehringer/]]
00:56:46.230 [main] DEBUG org.springframework.core.io.support.PathMatchingResourcePatternResolver - Looking for matching resources in directory tree [D:\Trabajo\de\target\test-classes\com\boehringer]
00:56:46.230 [main] DEBUG org.springframework.core.io.support.PathMatchingResourcePatternResolver - Searching directory [D:\Trabajo\de\target\test-classes\com\boehringer] for files matching pattern [D:/Trabajo/de/target/test-classes/com/boehringer/*.class]
00:56:46.231 [main] DEBUG org.springframework.core.io.support.PathMatchingResourcePatternResolver - Looking for matching resources in directory tree [D:\Trabajo\de\target\classes\com\boehringer]
00:56:46.232 [main] DEBUG org.springframework.core.io.support.PathMatchingResourcePatternResolver - Searching directory [D:\Trabajo\de\target\classes\com\boehringer] for files matching pattern [D:/Trabajo/de/target/classes/com/boehringer/*.class]
00:56:46.233 [main] DEBUG org.springframework.core.io.support.PathMatchingResourcePatternResolver - Resolved location pattern [classpath*:com/boehringer/*.class] to resources []
00:56:46.236 [main] DEBUG org.springframework.core.io.support.PathMatchingResourcePatternResolver - Resolved classpath location [com/] to resources [URL [file:/D:/Trabajo/de/target/test-classes/com/], URL [file:/D:/Trabajo/de/target/classes/com/], URL [jar:file:/C:/Users/LucasRoman/.m2/repository/com/fasterxml/jackson/core/jackson-annotations/2.8.0/jackson-annotations-2.8.0.jar!/com/], URL [jar:file:/C:/Users/LucasRoman/.m2/repository/com/fasterxml/jackson/core/jackson-databind/2.8.6/jackson-databind-2.8.6.jar!/com/], URL [jar:file:/C:/Users/LucasRoman/.m2/repository/com/fasterxml/jackson/core/jackson-core/2.8.6/jackson-core-2.8.6.jar!/com/], URL [jar:file:/C:/Users/LucasRoman/.m2/repository/org/glassfish/jersey/core/jersey-server/2.25.1/jersey-server-2.25.1.jar!/com/], URL [jar:file:/C:/Users/LucasRoman/.m2/repository/org/glassfish/hk2/hk2-core/2.5.0-b32/hk2-core-2.5.0-b32.jar!/com/], URL [jar:file:/C:/Users/LucasRoman/.m2/repository/com/fasterxml/jackson/jaxrs/jackson-jaxrs-base/2.8.6/jackson-jaxrs-base-2.8.6.jar!/com/], URL [jar:file:/C:/Users/LucasRoman/.m2/repository/com/fasterxml/jackson/jaxrs/jackson-jaxrs-json-provider/2.8.6/jackson-jaxrs-json-provider-2.8.6.jar!/com/], URL [jar:file:/C:/Users/LucasRoman/.m2/repository/com/fasterxml/jackson/module/jackson-module-jaxb-annotations/2.8.6/jackson-module-jaxb-annotations-2.8.6.jar!/com/], URL [jar:file:/C:/Users/LucasRoman/.m2/repository/com/fasterxml/classmate/1.3.3/classmate-1.3.3.jar!/com/], URL [jar:file:/C:/Users/LucasRoman/.m2/repository/mysql/mysql-connector-java/5.1.40/mysql-connector-java-5.1.40.jar!/com/], URL [jar:file:/C:/Users/LucasRoman/.m2/repository/com/jayway/jsonpath/json-path/2.2.0/json-path-2.2.0.jar!/com/]]
00:56:46.236 [main] DEBUG org.springframework.core.io.support.PathMatchingResourcePatternResolver - Looking for matching resources in directory tree [D:\Trabajo\de\target\test-classes\com]
00:56:46.237 [main] DEBUG org.springframework.core.io.support.PathMatchingResourcePatternResolver - Searching directory [D:\Trabajo\de\target\test-classes\com] for files matching pattern [D:/Trabajo/de/target/test-classes/com/*.class]
00:56:46.238 [main] DEBUG org.springframework.core.io.support.PathMatchingResourcePatternResolver - Looking for matching resources in directory tree [D:\Trabajo\de\target\classes\com]
00:56:46.239 [main] DEBUG org.springframework.core.io.support.PathMatchingResourcePatternResolver - Searching directory [D:\Trabajo\de\target\classes\com] for files matching pattern [D:/Trabajo/de/target/classes/com/*.class]
00:56:46.240 [main] DEBUG org.springframework.core.io.support.PathMatchingResourcePatternResolver - Looking for matching resources in jar file [file:/C:/Users/LucasRoman/.m2/repository/com/fasterxml/jackson/core/jackson-annotations/2.8.0/jackson-annotations-2.8.0.jar]
00:56:46.241 [main] DEBUG org.springframework.core.io.support.PathMatchingResourcePatternResolver - Looking for matching resources in jar file [file:/C:/Users/LucasRoman/.m2/repository/com/fasterxml/jackson/core/jackson-databind/2.8.6/jackson-databind-2.8.6.jar]
00:56:46.254 [main] DEBUG org.springframework.core.io.support.PathMatchingResourcePatternResolver - Looking for matching resources in jar file [file:/C:/Users/LucasRoman/.m2/repository/com/fasterxml/jackson/core/jackson-core/2.8.6/jackson-core-2.8.6.jar]
00:56:46.256 [main] DEBUG org.springframework.core.io.support.PathMatchingResourcePatternResolver - Looking for matching resources in jar file [file:/C:/Users/LucasRoman/.m2/repository/org/glassfish/jersey/core/jersey-server/2.25.1/jersey-server-2.25.1.jar]
00:56:46.258 [main] DEBUG org.springframework.core.io.support.PathMatchingResourcePatternResolver - Looking for matching resources in jar file [file:/C:/Users/LucasRoman/.m2/repository/org/glassfish/hk2/hk2-core/2.5.0-b32/hk2-core-2.5.0-b32.jar]
00:56:46.259 [main] DEBUG org.springframework.core.io.support.PathMatchingResourcePatternResolver - Looking for matching resources in jar file [file:/C:/Users/LucasRoman/.m2/repository/com/fasterxml/jackson/jaxrs/jackson-jaxrs-base/2.8.6/jackson-jaxrs-base-2.8.6.jar]
00:56:46.261 [main] DEBUG org.springframework.core.io.support.PathMatchingResourcePatternResolver - Looking for matching resources in jar file [file:/C:/Users/LucasRoman/.m2/repository/com/fasterxml/jackson/jaxrs/jackson-jaxrs-json-provider/2.8.6/jackson-jaxrs-json-provider-2.8.6.jar]
00:56:46.262 [main] DEBUG org.springframework.core.io.support.PathMatchingResourcePatternResolver - Looking for matching resources in jar file [file:/C:/Users/LucasRoman/.m2/repository/com/fasterxml/jackson/module/jackson-module-jaxb-annotations/2.8.6/jackson-module-jaxb-annotations-2.8.6.jar]
00:56:46.263 [main] DEBUG org.springframework.core.io.support.PathMatchingResourcePatternResolver - Looking for matching resources in jar file [file:/C:/Users/LucasRoman/.m2/repository/com/fasterxml/classmate/1.3.3/classmate-1.3.3.jar]
00:56:46.264 [main] DEBUG org.springframework.core.io.support.PathMatchingResourcePatternResolver - Looking for matching resources in jar file [file:/C:/Users/LucasRoman/.m2/repository/mysql/mysql-connector-java/5.1.40/mysql-connector-java-5.1.40.jar]
00:56:46.277 [main] DEBUG org.springframework.core.io.support.PathMatchingResourcePatternResolver - Looking for matching resources in jar file [file:/C:/Users/LucasRoman/.m2/repository/com/jayway/jsonpath/json-path/2.2.0/json-path-2.2.0.jar]
00:56:46.283 [main] DEBUG org.springframework.core.io.support.PathMatchingResourcePatternResolver - Resolved location pattern [classpath*:com/*.class] to resources []
00:56:46.288 [main] DEBUG org.springframework.test.context.junit4.SpringJUnit4ClassRunner - SpringJUnit4ClassRunner constructor called with [class com.boehringer.ingelheim.com.DeApplicationTests]
00:56:46.289 [main] DEBUG org.springframework.test.context.BootstrapUtils - Instantiating CacheAwareContextLoaderDelegate from class [org.springframework.test.context.cache.DefaultCacheAwareContextLoaderDelegate]
00:56:46.289 [main] DEBUG org.springframework.test.context.BootstrapUtils - Instantiating BootstrapContext using constructor [public org.springframework.test.context.support.DefaultBootstrapContext(java.lang.Class,org.springframework.test.context.CacheAwareContextLoaderDelegate)]
00:56:46.289 [main] DEBUG org.springframework.test.context.BootstrapUtils - Instantiating TestContextBootstrapper for test class [com.boehringer.ingelheim.com.DeApplicationTests] from class [org.springframework.boot.test.context.SpringBootTestContextBootstrapper]
00:56:46.290 [main] INFO org.springframework.boot.test.context.SpringBootTestContextBootstrapper - Neither @ContextConfiguration nor @ContextHierarchy found for test class [com.boehringer.ingelheim.com.DeApplicationTests], using SpringBootContextLoader
00:56:46.291 [main] DEBUG org.springframework.test.context.support.AbstractContextLoader - Did not detect default resource location for test class [com.boehringer.ingelheim.com.DeApplicationTests]: class path resource [com/boehringer/ingelheim/com/DeApplicationTests-context.xml] does not exist
00:56:46.291 [main] DEBUG org.springframework.test.context.support.AbstractContextLoader - Did not detect default resource location for test class [com.boehringer.ingelheim.com.DeApplicationTests]: class path resource [com/boehringer/ingelheim/com/DeApplicationTestsContext.groovy] does not exist
00:56:46.291 [main] INFO org.springframework.test.context.support.AbstractContextLoader - Could not detect default resource locations for test class [com.boehringer.ingelheim.com.DeApplicationTests]: no resource found for suffixes {-context.xml, Context.groovy}.
00:56:46.292 [main] INFO org.springframework.test.context.support.AnnotationConfigContextLoaderUtils - Could not detect default configuration classes for test class [com.boehringer.ingelheim.com.DeApplicationTests]: DeApplicationTests does not declare any static, non-private, non-final, nested classes annotated with @Configuration.
00:56:46.298 [main] DEBUG org.springframework.test.context.support.ActiveProfilesUtils - Could not find an 'annotation declaring class' for annotation type [org.springframework.test.context.ActiveProfiles] and class [com.boehringer.ingelheim.com.DeApplicationTests]
00:56:46.298 [main] DEBUG org.springframework.core.env.StandardEnvironment - Adding [systemProperties] PropertySource with lowest search precedence
00:56:46.298 [main] DEBUG org.springframework.core.env.StandardEnvironment - Adding [systemEnvironment] PropertySource with lowest search precedence
00:56:46.298 [main] DEBUG org.springframework.core.env.StandardEnvironment - Initialized StandardEnvironment with PropertySources [systemProperties,systemEnvironment]
00:56:46.299 [main] DEBUG org.springframework.core.io.support.PathMatchingResourcePatternResolver - Resolved classpath location [com/boehringer/ingelheim/com/] to resources [URL [file:/D:/Trabajo/de/target/test-classes/com/boehringer/ingelheim/com/], URL [file:/D:/Trabajo/de/target/classes/com/boehringer/ingelheim/com/]]
00:56:46.299 [main] DEBUG org.springframework.core.io.support.PathMatchingResourcePatternResolver - Looking for matching resources in directory tree [D:\Trabajo\de\target\test-classes\com\boehringer\ingelheim\com]
00:56:46.299 [main] DEBUG org.springframework.core.io.support.PathMatchingResourcePatternResolver - Searching directory [D:\Trabajo\de\target\test-classes\com\boehringer\ingelheim\com] for files matching pattern [D:/Trabajo/de/target/test-classes/com/boehringer/ingelheim/com/*.class]
00:56:46.301 [main] DEBUG org.springframework.core.io.support.PathMatchingResourcePatternResolver - Looking for matching resources in directory tree [D:\Trabajo\de\target\classes\com\boehringer\ingelheim\com]
00:56:46.301 [main] DEBUG org.springframework.core.io.support.PathMatchingResourcePatternResolver - Searching directory [D:\Trabajo\de\target\classes\com\boehringer\ingelheim\com] for files matching pattern [D:/Trabajo/de/target/classes/com/boehringer/ingelheim/com/*.class]
00:56:46.304 [main] DEBUG org.springframework.core.io.support.PathMatchingResourcePatternResolver - Resolved location pattern [classpath*:com/boehringer/ingelheim/com/*.class] to resources [file [D:\Trabajo\de\target\test-classes\com\boehringer\ingelheim\com\DeApplicationTests.class], file [D:\Trabajo\de\target\test-classes\com\boehringer\ingelheim\com\VeterinaryTest.class], file [D:\Trabajo\de\target\classes\com\boehringer\ingelheim\com\DeApplication$WebConfig.class], file [D:\Trabajo\de\target\classes\com\boehringer\ingelheim\com\DeApplication.class]]
00:56:46.308 [main] DEBUG org.springframework.core.io.support.PathMatchingResourcePatternResolver - Resolved classpath location [com/boehringer/ingelheim/] to resources [URL [file:/D:/Trabajo/de/target/test-classes/com/boehringer/ingelheim/], URL [file:/D:/Trabajo/de/target/classes/com/boehringer/ingelheim/]]
00:56:46.308 [main] DEBUG org.springframework.core.io.support.PathMatchingResourcePatternResolver - Looking for matching resources in directory tree [D:\Trabajo\de\target\test-classes\com\boehringer\ingelheim]
00:56:46.309 [main] DEBUG org.springframework.core.io.support.PathMatchingResourcePatternResolver - Searching directory [D:\Trabajo\de\target\test-classes\com\boehringer\ingelheim] for files matching pattern [D:/Trabajo/de/target/test-classes/com/boehringer/ingelheim/*.class]
00:56:46.309 [main] DEBUG org.springframework.core.io.support.PathMatchingResourcePatternResolver - Looking for matching resources in directory tree [D:\Trabajo\de\target\classes\com\boehringer\ingelheim]
00:56:46.310 [main] DEBUG org.springframework.core.io.support.PathMatchingResourcePatternResolver - Searching directory [D:\Trabajo\de\target\classes\com\boehringer\ingelheim] for files matching pattern [D:/Trabajo/de/target/classes/com/boehringer/ingelheim/*.class]
00:56:46.310 [main] DEBUG org.springframework.core.io.support.PathMatchingResourcePatternResolver - Resolved location pattern [classpath*:com/boehringer/ingelheim/*.class] to resources []
00:56:46.311 [main] DEBUG org.springframework.core.io.support.PathMatchingResourcePatternResolver - Resolved classpath location [com/boehringer/] to resources [URL [file:/D:/Trabajo/de/target/test-classes/com/boehringer/], URL [file:/D:/Trabajo/de/target/classes/com/boehringer/]]
00:56:46.311 [main] DEBUG org.springframework.core.io.support.PathMatchingResourcePatternResolver - Looking for matching resources in directory tree [D:\Trabajo\de\target\test-classes\com\boehringer]
00:56:46.311 [main] DEBUG org.springframework.core.io.support.PathMatchingResourcePatternResolver - Searching directory [D:\Trabajo\de\target\test-classes\com\boehringer] for files matching pattern [D:/Trabajo/de/target/test-classes/com/boehringer/*.class]
00:56:46.312 [main] DEBUG org.springframework.core.io.support.PathMatchingResourcePatternResolver - Looking for matching resources in directory tree [D:\Trabajo\de\target\classes\com\boehringer]
00:56:46.313 [main] DEBUG org.springframework.core.io.support.PathMatchingResourcePatternResolver - Searching directory [D:\Trabajo\de\target\classes\com\boehringer] for files matching pattern [D:/Trabajo/de/target/classes/com/boehringer/*.class]
00:56:46.314 [main] DEBUG org.springframework.core.io.support.PathMatchingResourcePatternResolver - Resolved location pattern [classpath*:com/boehringer/*.class] to resources []
00:56:46.315 [main] DEBUG org.springframework.core.io.support.PathMatchingResourcePatternResolver - Resolved classpath location [com/] to resources [URL [file:/D:/Trabajo/de/target/test-classes/com/], URL [file:/D:/Trabajo/de/target/classes/com/], URL [jar:file:/C:/Users/LucasRoman/.m2/repository/com/fasterxml/jackson/core/jackson-annotations/2.8.0/jackson-annotations-2.8.0.jar!/com/], URL [jar:file:/C:/Users/LucasRoman/.m2/repository/com/fasterxml/jackson/core/jackson-databind/2.8.6/jackson-databind-2.8.6.jar!/com/], URL [jar:file:/C:/Users/LucasRoman/.m2/repository/com/fasterxml/jackson/core/jackson-core/2.8.6/jackson-core-2.8.6.jar!/com/], URL [jar:file:/C:/Users/LucasRoman/.m2/repository/org/glassfish/jersey/core/jersey-server/2.25.1/jersey-server-2.25.1.jar!/com/], URL [jar:file:/C:/Users/LucasRoman/.m2/repository/org/glassfish/hk2/hk2-core/2.5.0-b32/hk2-core-2.5.0-b32.jar!/com/], URL [jar:file:/C:/Users/LucasRoman/.m2/repository/com/fasterxml/jackson/jaxrs/jackson-jaxrs-base/2.8.6/jackson-jaxrs-base-2.8.6.jar!/com/], URL [jar:file:/C:/Users/LucasRoman/.m2/repository/com/fasterxml/jackson/jaxrs/jackson-jaxrs-json-provider/2.8.6/jackson-jaxrs-json-provider-2.8.6.jar!/com/], URL [jar:file:/C:/Users/LucasRoman/.m2/repository/com/fasterxml/jackson/module/jackson-module-jaxb-annotations/2.8.6/jackson-module-jaxb-annotations-2.8.6.jar!/com/], URL [jar:file:/C:/Users/LucasRoman/.m2/repository/com/fasterxml/classmate/1.3.3/classmate-1.3.3.jar!/com/], URL [jar:file:/C:/Users/LucasRoman/.m2/repository/mysql/mysql-connector-java/5.1.40/mysql-connector-java-5.1.40.jar!/com/], URL [jar:file:/C:/Users/LucasRoman/.m2/repository/com/jayway/jsonpath/json-path/2.2.0/json-path-2.2.0.jar!/com/]]
00:56:46.315 [main] DEBUG org.springframework.core.io.support.PathMatchingResourcePatternResolver - Looking for matching resources in directory tree [D:\Trabajo\de\target\test-classes\com]
00:56:46.315 [main] DEBUG org.springframework.core.io.support.PathMatchingResourcePatternResolver - Searching directory [D:\Trabajo\de\target\test-classes\com] for files matching pattern [D:/Trabajo/de/target/test-classes/com/*.class]
00:56:46.316 [main] DEBUG org.springframework.core.io.support.PathMatchingResourcePatternResolver - Looking for matching resources in directory tree [D:\Trabajo\de\target\classes\com]
00:56:46.317 [main] DEBUG org.springframework.core.io.support.PathMatchingResourcePatternResolver - Searching directory [D:\Trabajo\de\target\classes\com] for files matching pattern [D:/Trabajo/de/target/classes/com/*.class]
00:56:46.317 [main] DEBUG org.springframework.core.io.support.PathMatchingResourcePatternResolver - Looking for matching resources in jar file [file:/C:/Users/LucasRoman/.m2/repository/com/fasterxml/jackson/core/jackson-annotations/2.8.0/jackson-annotations-2.8.0.jar]
00:56:46.318 [main] DEBUG org.springframework.core.io.support.PathMatchingResourcePatternResolver - Looking for matching resources in jar file [file:/C:/Users/LucasRoman/.m2/repository/com/fasterxml/jackson/core/jackson-databind/2.8.6/jackson-databind-2.8.6.jar]
00:56:46.330 [main] DEBUG org.springframework.core.io.support.PathMatchingResourcePatternResolver - Looking for matching resources in jar file [file:/C:/Users/LucasRoman/.m2/repository/com/fasterxml/jackson/core/jackson-core/2.8.6/jackson-core-2.8.6.jar]
00:56:46.332 [main] DEBUG org.springframework.core.io.support.PathMatchingResourcePatternResolver - Looking for matching resources in jar file [file:/C:/Users/LucasRoman/.m2/repository/org/glassfish/jersey/core/jersey-server/2.25.1/jersey-server-2.25.1.jar]
00:56:46.334 [main] DEBUG org.springframework.core.io.support.PathMatchingResourcePatternResolver - Looking for matching resources in jar file [file:/C:/Users/LucasRoman/.m2/repository/org/glassfish/hk2/hk2-core/2.5.0-b32/hk2-core-2.5.0-b32.jar]
00:56:46.335 [main] DEBUG org.springframework.core.io.support.PathMatchingResourcePatternResolver - Looking for matching resources in jar file [file:/C:/Users/LucasRoman/.m2/repository/com/fasterxml/jackson/jaxrs/jackson-jaxrs-base/2.8.6/jackson-jaxrs-base-2.8.6.jar]
00:56:46.336 [main] DEBUG org.springframework.core.io.support.PathMatchingResourcePatternResolver - Looking for matching resources in jar file [file:/C:/Users/LucasRoman/.m2/repository/com/fasterxml/jackson/jaxrs/jackson-jaxrs-json-provider/2.8.6/jackson-jaxrs-json-provider-2.8.6.jar]
00:56:46.336 [main] DEBUG org.springframework.core.io.support.PathMatchingResourcePatternResolver - Looking for matching resources in jar file [file:/C:/Users/LucasRoman/.m2/repository/com/fasterxml/jackson/module/jackson-module-jaxb-annotations/2.8.6/jackson-module-jaxb-annotations-2.8.6.jar]
00:56:46.337 [main] DEBUG org.springframework.core.io.support.PathMatchingResourcePatternResolver - Looking for matching resources in jar file [file:/C:/Users/LucasRoman/.m2/repository/com/fasterxml/classmate/1.3.3/classmate-1.3.3.jar]
00:56:46.337 [main] DEBUG org.springframework.core.io.support.PathMatchingResourcePatternResolver - Looking for matching resources in jar file [file:/C:/Users/LucasRoman/.m2/repository/mysql/mysql-connector-java/5.1.40/mysql-connector-java-5.1.40.jar]
00:56:46.349 [main] DEBUG org.springframework.core.io.support.PathMatchingResourcePatternResolver - Looking for matching resources in jar file [file:/C:/Users/LucasRoman/.m2/repository/com/jayway/jsonpath/json-path/2.2.0/json-path-2.2.0.jar]
00:56:46.353 [main] DEBUG org.springframework.core.io.support.PathMatchingResourcePatternResolver - Resolved location pattern [classpath*:com/*.class] to resources []
]]></system-out>
  </testcase>
</testsuite>